[debug] [2023-01-26T17:40:49.730Z] ----------------------------------------------------------------------
[debug] [2023-01-26T17:40:49.733Z] Command:       C:\Program Files\nodejs\node.exe C:\Users\marud\AppData\Roaming\npm\node_modules\firebase-tools\lib\bin\firebase.js init
[debug] [2023-01-26T17:40:49.733Z] CLI Version:   11.21.0
[debug] [2023-01-26T17:40:49.734Z] Platform:      win32
[debug] [2023-01-26T17:40:49.734Z] Node Version:  v19.5.0
[debug] [2023-01-26T17:40:49.734Z] Time:          Thu Jan 26 2023 11:40:49 GMT-0600 (hora estándar central)
[debug] [2023-01-26T17:40:49.735Z] ----------------------------------------------------------------------
[debug] 
[debug] [2023-01-26T17:40:49.739Z] >>> [apiv2][query] GET https://firebase-public.firebaseio.com/cli.json [none]
[debug] [2023-01-26T17:40:49.805Z] > command requires scopes: ["email","openid","https://www.googleapis.com/auth/cloudplatformprojects.readonly","https://www.googleapis.com/auth/firebase","https://www.googleapis.com/auth/cloud-platform"]
[debug] [2023-01-26T17:40:49.805Z] > authorizing via signed-in user (marudzul17@gmail.com)
[info] 
     ######## #### ########  ######## ########     ###     ######  ########
     ##        ##  ##     ## ##       ##     ##  ##   ##  ##       ##
     ######    ##  ########  ######   ########  #########  ######  ######
     ##        ##  ##    ##  ##       ##     ## ##     ##       ## ##
     ##       #### ##     ## ######## ########  ##     ##  ######  ########

You're about to initialize a Firebase project in this directory:

  C:\Users\marud\OneDrive\Escritorio\paginas web\Marcuuss34.github.io

[debug] [2023-01-26T17:40:50.147Z] <<< [apiv2][status] GET https://firebase-public.firebaseio.com/cli.json 200
[debug] [2023-01-26T17:40:50.148Z] <<< [apiv2][body] GET https://firebase-public.firebaseio.com/cli.json {"cloudBuildErrorAfter":1594252800000,"cloudBuildWarnAfter":1590019200000,"defaultNode10After":1594252800000,"minVersion":"3.0.5","node8DeploysDisabledAfter":1613390400000,"node8RuntimeDisabledAfter":1615809600000,"node8WarnAfter":1600128000000}
[info] 
=== Project Setup
[info] 
[info] First, let's associate this project directory with a Firebase project.
[info] You can create multiple project aliases by running firebase use --add, 
[info] but for now we'll just set up a default project.
[info] 
